<?xml version="1.0" encoding="UTF-8"?>
<!-- Generated by org.testng.reporters.JUnitReportReporter -->
<testsuite skipped="0" hostname="USC-W-2406ST2" name="test.WidgetPageTest" tests="2" failures="0" timestamp="08 Jul 2019 21:24:07 GMT" time="17.619" errors="0">
  <testcase name="ValidateWidPageTestnTable" time="8.738" classname="test.WidgetPageTest"/>
  <testcase name="ValidateTopWidPageTestnTable" time="8.881" classname="test.WidgetPageTest"/>
</testsuite> <!-- test.WidgetPageTest -->
