<?xml version="1.0" encoding="UTF-8"?>
<!-- Generated by org.testng.reporters.JUnitReportReporter -->
<testsuite skipped="0" hostname="USC-W-2406ST2" name="test.ThemesPageTest" tests="1" failures="0" timestamp="08 Jul 2019 21:24:07 GMT" time="8.610" errors="0">
  <testcase name="ValidateThemePageTestnTable" time="8.610" classname="test.ThemesPageTest"/>
</testsuite> <!-- test.ThemesPageTest -->
