<?xml version="1.0" encoding="UTF-8"?>
<!-- Generated by org.testng.reporters.JUnitReportReporter -->
<testsuite skipped="0" hostname="USC-W-2406ST2" name="test.ModulePageTest" tests="2" failures="0" timestamp="08 Jul 2019 21:24:07 GMT" time="17.527" errors="0">
  <testcase name="ValidateModulePageTestnTable" time="8.735" classname="test.ModulePageTest"/>
  <testcase name="ValidateTopModulePageTestnTable" time="8.792" classname="test.ModulePageTest"/>
</testsuite> <!-- test.ModulePageTest -->
