<?xml version="1.0" encoding="UTF-8"?>
<!-- Generated by org.testng.reporters.JUnitReportReporter -->
<testsuite skipped="0" hostname="USC-W-2406ST2" name="Rough.Scratch" tests="1" failures="0" timestamp="11 Jul 2019 20:55:16 GMT" time="12.859" errors="0">
  <testcase name="validateNameandDescriptionTest" time="12.859" classname="Rough.Scratch"/>
</testsuite> <!-- Rough.Scratch -->
