<?xml version="1.0" encoding="UTF-8"?>
<!-- Generated by org.testng.reporters.JUnitReportReporter -->
<testsuite skipped="0" hostname="USC-W-2406ST2" name="test.HomePageTest" tests="6" failures="0" timestamp="09 Jul 2019 18:16:28 GMT" time="70.197" errors="0">
  <testcase name="HomePageTitleTest" time="8.497" classname="test.HomePageTest"/>
  <testcase name="verifyWelcomeMessage" time="11.086" classname="test.HomePageTest"/>
  <testcase name="clickOnConnTest" time="15.820" classname="test.HomePageTest"/>
  <testcase name="clickOnModuleTest" time="11.708" classname="test.HomePageTest"/>
  <testcase name="clickOnWidgetsTest" time="11.941" classname="test.HomePageTest"/>
  <testcase name="clickOnCGITest" time="11.145" classname="test.HomePageTest"/>
</testsuite> <!-- test.HomePageTest -->
