<?xml version="1.0" encoding="UTF-8"?>
<!-- Generated by org.testng.reporters.JUnitReportReporter -->
<testsuite skipped="0" hostname="USC-W-2406ST2" name="test.CalcColPageTest" tests="3" failures="0" timestamp="11 Jul 2019 17:38:55 GMT" time="39.025" errors="0">
  <testcase name="ValidateConnPageTestnTableTest" time="12.282" classname="test.CalcColPageTest"/>
  <testcase name="validateCalcColTableColumnsTest" time="9.308" classname="test.CalcColPageTest"/>
  <testcase name="NewCalColsBtn" time="17.435" classname="test.CalcColPageTest"/>
</testsuite> <!-- test.CalcColPageTest -->
