<?xml version="1.0" encoding="UTF-8"?>
<!-- Generated by org.testng.reporters.JUnitReportReporter -->
<testsuite skipped="0" hostname="USC-W-2406ST2" name="test.TopMenuBarTest" tests="5" failures="0" timestamp="08 Jul 2019 21:24:07 GMT" time="44.067" errors="0">
  <testcase name="ClickOnUCDashboardTest" time="8.911" classname="test.TopMenuBarTest"/>
  <testcase name="ClickOnCalcColsTest" time="9.326" classname="test.TopMenuBarTest"/>
  <testcase name="ClickOnCondStylesTest" time="8.464" classname="test.TopMenuBarTest"/>
  <testcase name="ClickOnStylesTest" time="8.570" classname="test.TopMenuBarTest"/>
  <testcase name="ClickOnThemesTest" time="8.796" classname="test.TopMenuBarTest"/>
</testsuite> <!-- test.TopMenuBarTest -->
