<?xml version="1.0" encoding="UTF-8"?>
<!-- Generated by org.testng.reporters.JUnitReportReporter -->
<testsuite skipped="0" hostname="USC-W-2406ST2" name="test.CondStylePageTest" tests="1" failures="0" timestamp="08 Jul 2019 21:24:07 GMT" time="8.843" errors="0">
  <testcase name="ValidateCondPageTestnTable" time="8.843" classname="test.CondStylePageTest"/>
</testsuite> <!-- test.CondStylePageTest -->
