<?xml version="1.0" encoding="UTF-8"?>
<!-- Generated by org.testng.reporters.JUnitReportReporter -->
<testsuite skipped="0" hostname="USC-W-2406ST2" name="test.ConnectionsPageTest" tests="2" failures="0" timestamp="08 Jul 2019 21:24:07 GMT" time="17.445" errors="0">
  <testcase name="ValidateConnPageTestnTable" time="8.653" classname="test.ConnectionsPageTest"/>
  <testcase name="ValidateTopConnPageTestnTable" time="8.792" classname="test.ConnectionsPageTest"/>
</testsuite> <!-- test.ConnectionsPageTest -->
