<?xml version="1.0" encoding="UTF-8"?>
<!-- Generated by org.testng.reporters.JUnitReportReporter -->
<testsuite skipped="0" hostname="USC-W-2406ST2" name="test.calcColPageNewBtnTest" tests="3" failures="0" timestamp="11 Jul 2019 21:05:38 GMT" time="37.617" errors="0">
  <testcase name="validateDisplayMessagesTest" time="11.305" classname="test.calcColPageNewBtnTest"/>
  <testcase name="validateCancelNoBtnTest" time="11.842" classname="test.calcColPageNewBtnTest"/>
  <testcase name="validateCancelYesBtnTest" time="14.470" classname="test.calcColPageNewBtnTest"/>
</testsuite> <!-- test.calcColPageNewBtnTest -->
